<?xml version="1.0" encoding="UTF-8"?>
<testng-results ignored="0" total="2" passed="2" failed="0" skipped="0">
  <reporter-output>
  </reporter-output>
  <suite started-at="2024-10-22T11:06:07 IST" name="Default suite" finished-at="2024-10-22T11:06:14 IST" duration-ms="7077">
    <groups>
    </groups>
    <test started-at="2024-10-22T11:06:07 IST" name="Default test" finished-at="2024-10-22T11:06:14 IST" duration-ms="7077">
      <class name="testingbaba_test.ScreenShot_test">
        <test-method is-config="true" signature="getLunchUrL_testingbaba()[pri:0, instance:testingbaba_test.ScreenShot_test@4fb3ee4e]" started-at="2024-10-22T11:06:07 IST" name="getLunchUrL_testingbaba" finished-at="2024-10-22T11:06:12 IST" duration-ms="5516" status="PASS">
          <reporter-output>
          </reporter-output>
        </test-method> <!-- getLunchUrL_testingbaba -->
        <test-method signature="getTitle_testingbaba()[pri:0, instance:testingbaba_test.ScreenShot_test@4fb3ee4e]" started-at="2024-10-22T11:06:12 IST" name="getTitle_testingbaba" finished-at="2024-10-22T11:06:12 IST" duration-ms="26" status="PASS">
          <reporter-output>
          </reporter-output>
        </test-method> <!-- getTitle_testingbaba -->
        <test-method signature="clickonclosebtn()[pri:1, instance:testingbaba_test.ScreenShot_test@4fb3ee4e]" started-at="2024-10-22T11:06:12 IST" name="clickonclosebtn" finished-at="2024-10-22T11:06:14 IST" duration-ms="1473" status="PASS">
          <reporter-output>
          </reporter-output>
        </test-method> <!-- clickonclosebtn -->
      </class> <!-- testingbaba_test.ScreenShot_test -->
    </test> <!-- Default test -->
  </suite> <!-- Default suite -->
</testng-results>
